This is pdfTeX, Version 3.141592653-2.6-1.40.25 (TeX Live 2023/Debian) (preloaded format=prv_clamp-poisson-causal.Rmd 2024.10.4)  4 OCT 2024 12:29
entering extended mode
 restricted \write18 enabled.
 file:line:error style messages enabled.
 %&-line parsing enabled.
**&prv_clamp-poisson-causal.Rmd /AUCTEXINPUT{ clamp-poisson-causal.Rmd.tex }
(./clamp-poisson-causal.Rmd.tex (/usr/share/texlive/texmf-dist/tex/latex/l3backend/l3backend-pdftex.def
File: l3backend-pdftex.def 2024-01-04 L3 backend support: PDF output (pdfTeX)
\l__color_backend_stack_int=\count273
\l__pdf_internal_box=\box53
)
No file clamp-poisson-causal.Rmd.aux.
LaTeX Font Info:    Checking defaults for OML/cmm/m/it on input line 5.
LaTeX Font Info:    ... okay on input line 5.
LaTeX Font Info:    Checking defaults for OMS/cmsy/m/n on input line 5.
LaTeX Font Info:    ... okay on input line 5.
LaTeX Font Info:    Checking defaults for OT1/cmr/m/n on input line 5.
LaTeX Font Info:    ... okay on input line 5.
LaTeX Font Info:    Checking defaults for T1/cmr/m/n on input line 5.
LaTeX Font Info:    ... okay on input line 5.
LaTeX Font Info:    Checking defaults for TS1/cmr/m/n on input line 5.
LaTeX Font Info:    ... okay on input line 5.
LaTeX Font Info:    Checking defaults for OMX/cmex/m/n on input line 5.
LaTeX Font Info:    ... okay on input line 5.
LaTeX Font Info:    Checking defaults for U/cmr/m/n on input line 5.
LaTeX Font Info:    ... okay on input line 5.
(/home/ypp/.emacs.d/elpa/auctex-14.0.6/latex/preview.sty
Package: preview 2024/06/30 14.0.6 (AUCTeX/preview-latex)
 (/usr/share/texlive/texmf-dist/tex/generic/luatex85/luatex85.sty
Package: luatex85 2016/06/15 v1.4 pdftex aliases for luatex
) (/home/ypp/.emacs.d/elpa/auctex-14.0.6/latex/prtightpage.def
\PreviewBorder=\dimen150
) (/home/ypp/.emacs.d/elpa/auctex-14.0.6/latex/prauctex.def
No auxiliary output files.


\hbadness=\count274
\hfuzz=\dimen151
(/home/ypp/.emacs.d/elpa/auctex-14.0.6/latex/prauctex.cfg)) (/home/ypp/.emacs.d/elpa/auctex-14.0.6/latex/prfootnotes.def)
\pr@snippet=\count275
\pr@box=\box54
\pr@output=\toks24

Preview: Fontsize 10pt
Preview: PDFoutput 1
)
./clamp-poisson-causal.Rmd.tex:6: Preview: Snippet 1 started.
<-><->
      
l.6 $
     p=10$
Not a real error.

Preview: Tightpage -32891 -32891 32891 32891
./clamp-poisson-causal.Rmd.tex:6: Preview: Snippet 1 ended.(422343+127431x1858896).
<-><->
      
l.6 $p=10$
          
Not a real error.

[1{/var/lib/texmf/fonts/map/pdftex/updmap/pdftex.map}]
./clamp-poisson-causal.Rmd.tex:7: Preview: Snippet 2 started.
<-><->
      
l.7 $
     n=1000$
Not a real error.

./clamp-poisson-causal.Rmd.tex:7: Preview: Snippet 2 ended.(422343+0x2577900).
<-><->
      
l.7 $n=1000$
            
Not a real error.

[2]
./clamp-poisson-causal.Rmd.tex:8: Preview: Snippet 3 started.
<-><->
      
l.8 $
     X_j$
Not a real error.

./clamp-poisson-causal.Rmd.tex:8: Preview: Snippet 3 ended.(447828+187504x819088).
<-><->
      
l.8 $X_j$
         
Not a real error.

[3]
./clamp-poisson-causal.Rmd.tex:9: Preview: Snippet 4 started.
<-><->
      
l.9 $
     $
Not a real error.

./clamp-poisson-causal.Rmd.tex:11: Preview: Snippet 4 ended.(1037649+0x22609920).
<-><->
      
l.11 $$
       
Not a real error.

[4]
./clamp-poisson-causal.Rmd.tex:12: Preview: Snippet 5 started.
<-><->
      
l.12 $
      U \sim N(0, 1^2)$
Not a real error.

./clamp-poisson-causal.Rmd.tex:12: Preview: Snippet 5 ended.(533465+163840x3741096).
<-><->
      
l.12 $U \sim N(0, 1^2)$
                       
Not a real error.

[5]
./clamp-poisson-causal.Rmd.tex:13: Preview: Snippet 6 started.
<-><->
      
l.13 $
      U_{ij}$
Not a real error.

./clamp-poisson-causal.Rmd.tex:13: Preview: Snippet 6 ended.(447828+187504x909025).
<-><->
      
l.13 $U_{ij}$
             
Not a real error.

[6]
./clamp-poisson-causal.Rmd.tex:14: Preview: Snippet 7 started.
<-><->
      
l.14 $
      $
Not a real error.

./clamp-poisson-causal.Rmd.tex:16: Preview: Snippet 7 ended.(1037649+0x22609920).
<-><->
      
l.16 $$
       
Not a real error.

[7]
./clamp-poisson-causal.Rmd.tex:17: Preview: Snippet 8 started.
<-><->
      
l.17 $
      \zeta_j = (j-5.5)/6$
Not a real error.

./clamp-poisson-causal.Rmd.tex:17: Preview: Snippet 8 ended.(491520+187504x4547548).
<-><->
      
l.17 $\zeta_j = (j-5.5)/6$
                          
Not a real error.

[8]
./clamp-poisson-causal.Rmd.tex:18: Preview: Snippet 9 started.
<-><->
      
l.18 $
      j=1, \ldots, 10$
Not a real error.

./clamp-poisson-causal.Rmd.tex:18: Preview: Snippet 9 ended.(432226+127431x3620590).
<-><->
      
l.18 $j=1, \ldots, 10$
                      
Not a real error.

[9]
./clamp-poisson-causal.Rmd.tex:19: Preview: Snippet 10 started.
<-><->
      
l.19 $
      $
Not a real error.

./clamp-poisson-causal.Rmd.tex:21: Preview: Snippet 10 ended.(1544620+0x22609920).
<-><->
      
l.21 $$
       
Not a real error.

[10]
./clamp-poisson-causal.Rmd.tex:22: Preview: Snippet 11 started.
<-><->
      
l.22 $
      y$
Not a real error.

./clamp-poisson-causal.Rmd.tex:22: Preview: Snippet 11 ended.(282168+127431x344824).
<-><->
      
l.22 $y$
        
Not a real error.

[11]
./clamp-poisson-causal.Rmd.tex:23: Preview: Snippet 12 started.
<-><->
      
l.23 $
      $
Not a real error.

./clamp-poisson-causal.Rmd.tex:25: Preview: Snippet 12 ended.(950272+0x22609920).
<-><->
      
l.25 $$
       
Not a real error.

[12]
./clamp-poisson-causal.Rmd.tex:26: Preview: Snippet 13 started.
<-><->
      
l.26 $
      $
Not a real error.

./clamp-poisson-causal.Rmd.tex:28: Preview: Snippet 13 ended.(950272+0x22609920).
<-><->
      
l.28 $$
       
Not a real error.

[13]
./clamp-poisson-causal.Rmd.tex:29: Preview: Snippet 14 started.
<-><->
      
l.29 $
      $
Not a real error.

./clamp-poisson-causal.Rmd.tex:31: Preview: Snippet 14 ended.(913863+0x22609920).
<-><->
      
l.31 $$
       
Not a real error.

[14]
 ***********
LaTeX2e <2023-11-01> patch level 1
L3 programming layer <2024-01-22>
 ***********
 ) 
Here is how much of TeX's memory you used:
 430 strings out of 474736
 9277 string characters out of 5775833
 1922975 words of memory out of 5000000
 23805 multiletter control sequences out of 15000+600000
 566223 words of font info for 55 fonts, out of 8000000 for 9000
 59 hyphenation exceptions out of 8191
 46i,4n,54p,215b,104s stack positions out of 10000i,1000n,20000p,200000b,200000s
</usr/share/texlive/texmf-dist/fonts/type1/public/amsfonts/cm/cmbx10.pfb></usr/share/texlive/texmf-dist/fonts/type1/public/amsfonts/cm/cmmi10.pfb></usr/share/texlive/texmf-dist/fonts/type1/public/amsfonts/cm/cmmi7.pfb></usr/share/texlive/texmf-dist/fonts/type1/public/amsfonts/cm/cmr10.pfb></usr/share/texlive/texmf-dist/fonts/type1/public/amsfonts/cm/cmr7.pfb></usr/share/texlive/texmf-dist/fonts/type1/public/amsfonts/cm/cmsy10.pfb></usr/share/texlive/texmf-dist/fonts/type1/public/amsfonts/cm/cmsy7.pfb>
Output written on clamp-poisson-causal.Rmd.pdf (14 pages, 72886 bytes).
PDF statistics:
 85 PDF objects out of 1000 (max. 8388607)
 54 compressed objects within 1 object stream
 0 named destinations out of 1000 (max. 500000)
 1 words of extra memory for PDF output out of 10000 (max. 10000000)

