This is pdfTeX, Version 3.141592653-2.6-1.40.25 (TeX Live 2023/Debian) (preloaded format=prv_clamp-poisson.Rmd 2024.10.4)  4 OCT 2024 12:26
entering extended mode
 restricted \write18 enabled.
 file:line:error style messages enabled.
 %&-line parsing enabled.
**&prv_clamp-poisson.Rmd /AUCTEXINPUT{ clamp-poisson.Rmd.tex }
(./clamp-poisson.Rmd.tex (/usr/share/texlive/texmf-dist/tex/latex/l3backend/l3backend-pdftex.def
File: l3backend-pdftex.def 2024-01-04 L3 backend support: PDF output (pdfTeX)
\l__color_backend_stack_int=\count273
\l__pdf_internal_box=\box53
)
No file clamp-poisson.Rmd.aux.
LaTeX Font Info:    Checking defaults for OML/cmm/m/it on input line 5.
LaTeX Font Info:    ... okay on input line 5.
LaTeX Font Info:    Checking defaults for OMS/cmsy/m/n on input line 5.
LaTeX Font Info:    ... okay on input line 5.
LaTeX Font Info:    Checking defaults for OT1/cmr/m/n on input line 5.
LaTeX Font Info:    ... okay on input line 5.
LaTeX Font Info:    Checking defaults for T1/cmr/m/n on input line 5.
LaTeX Font Info:    ... okay on input line 5.
LaTeX Font Info:    Checking defaults for TS1/cmr/m/n on input line 5.
LaTeX Font Info:    ... okay on input line 5.
LaTeX Font Info:    Checking defaults for OMX/cmex/m/n on input line 5.
LaTeX Font Info:    ... okay on input line 5.
LaTeX Font Info:    Checking defaults for U/cmr/m/n on input line 5.
LaTeX Font Info:    ... okay on input line 5.
(/home/ypp/.emacs.d/elpa/auctex-14.0.6/latex/preview.sty
Package: preview 2024/06/30 14.0.6 (AUCTeX/preview-latex)
 (/usr/share/texlive/texmf-dist/tex/generic/luatex85/luatex85.sty
Package: luatex85 2016/06/15 v1.4 pdftex aliases for luatex
) (/home/ypp/.emacs.d/elpa/auctex-14.0.6/latex/prtightpage.def
\PreviewBorder=\dimen150
) (/home/ypp/.emacs.d/elpa/auctex-14.0.6/latex/prauctex.def
No auxiliary output files.


\hbadness=\count274
\hfuzz=\dimen151
(/home/ypp/.emacs.d/elpa/auctex-14.0.6/latex/prauctex.cfg)) (/home/ypp/.emacs.d/elpa/auctex-14.0.6/latex/prfootnotes.def)
\pr@snippet=\count275
\pr@box=\box54
\pr@output=\toks24

Preview: Fontsize 10pt
Preview: PDFoutput 1
)
./clamp-poisson.Rmd.tex:6: Preview: Snippet 1 started.
<-><->
      
l.6 $
     $
Not a real error.

Preview: Tightpage -32891 -32891 32891 32891
./clamp-poisson.Rmd.tex:8: Preview: Snippet 1 ended.(1771564+0x22609920).
<-><->
      
l.8 $$
      
Not a real error.

[1{/var/lib/texmf/fonts/map/pdftex/updmap/pdftex.map}]
./clamp-poisson.Rmd.tex:9: Preview: Snippet 2 started.
<-><->
      
l.9 $
     $
Not a real error.

./clamp-poisson.Rmd.tex:11: Preview: Snippet 2 ended.(1658042+0x22609920).
<-><->
      
l.11 $$
       
Not a real error.

[2]
./clamp-poisson.Rmd.tex:12: Preview: Snippet 3 started.
<-><->
      
l.12 $
      w_{i}$
Not a real error.

./clamp-poisson.Rmd.tex:12: Preview: Snippet 3 ended.(282168+98303x687371).
<-><->
      
l.12 $w_{i}$
            
Not a real error.

[3]
./clamp-poisson.Rmd.tex:13: Preview: Snippet 4 started.
<-><->
      
l.13 $
      i$
Not a real error.

./clamp-poisson.Rmd.tex:13: Preview: Snippet 4 ended.(432226+0x225780).
<-><->
      
l.13 $i$
        
Not a real error.

[4]
./clamp-poisson.Rmd.tex:14: Preview: Snippet 5 started.
<-><->
      
l.14 $
      \hat{b}_j$
Not a real error.

./clamp-poisson.Rmd.tex:14: Preview: Snippet 5 ended.(628054+187504x557398).
<-><->
      
l.14 $\hat{b}_j$
                
Not a real error.

[5]
./clamp-poisson.Rmd.tex:15: Preview: Snippet 6 started.
<-><->
      
l.15 $
      s_j^2$
Not a real error.

./clamp-poisson.Rmd.tex:15: Preview: Snippet 6 ended.(533465+259786x601203).
<-><->
      
l.15 $s_j^2$
            
Not a real error.

[6]
./clamp-poisson.Rmd.tex:16: Preview: Snippet 7 started.
<-><->
      
l.16 $
      b_j$
Not a real error.

./clamp-poisson.Rmd.tex:16: Preview: Snippet 7 ended.(455111+187504x557398).
<-><->
      
l.16 $b_j$
          
Not a real error.

[7]
./clamp-poisson.Rmd.tex:17: Preview: Snippet 8 started.
<-><->
      
l.17 $
      b_j \neq 0$
Not a real error.

./clamp-poisson.Rmd.tex:17: Preview: Snippet 8 ended.(455111+187504x1758885).
<-><->
      
l.17 $b_j \neq 0$
                 
Not a real error.

[8]
./clamp-poisson.Rmd.tex:18: Preview: Snippet 9 started.
<-><->
      
l.18 $
      j$
Not a real error.

./clamp-poisson.Rmd.tex:18: Preview: Snippet 9 ended.(432226+127431x307396).
<-><->
      
l.18 $j$
        
Not a real error.

[9]
 ***********
LaTeX2e <2023-11-01> patch level 1
L3 programming layer <2024-01-22>
 ***********
 ) 
Here is how much of TeX's memory you used:
 424 strings out of 474736
 9176 string characters out of 5775889
 1923975 words of memory out of 5000000
 23802 multiletter control sequences out of 15000+600000
 565296 words of font info for 52 fonts, out of 8000000 for 9000
 59 hyphenation exceptions out of 8191
 46i,4n,54p,201b,75s stack positions out of 10000i,1000n,20000p,200000b,200000s
</usr/share/texlive/texmf-dist/fonts/type1/public/amsfonts/cm/cmex10.pfb></usr/share/texlive/texmf-dist/fonts/type1/public/amsfonts/cm/cmmi10.pfb></usr/share/texlive/texmf-dist/fonts/type1/public/amsfonts/cm/cmmi7.pfb></usr/share/texlive/texmf-dist/fonts/type1/public/amsfonts/cm/cmr10.pfb></usr/share/texlive/texmf-dist/fonts/type1/public/amsfonts/cm/cmr7.pfb></usr/share/texlive/texmf-dist/fonts/type1/public/amsfonts/cm/cmsy10.pfb>
Output written on clamp-poisson.Rmd.pdf (9 pages, 55658 bytes).
PDF statistics:
 64 PDF objects out of 1000 (max. 8388607)
 40 compressed objects within 1 object stream
 0 named destinations out of 1000 (max. 500000)
 1 words of extra memory for PDF output out of 10000 (max. 10000000)

